<?xml version="1.0" encoding="UTF-8"?>
<!-- Generated by org.testng.reporters.JUnitXMLReporter -->
<testsuite hostname="INLTP-Suresh" ignored="0" name="PlacingOrders Test Scripts" tests="5" failures="1" timestamp="07 Jul 2019 20:37:58 GMT" time="473.639" errors="0">
  <testcase name="addMealsToCartInTwoRestaurantsAndOrderFromOne" time="96.097" classname="testScripts.TA_03_PlacingOrders">
    <failure type="java.lang.AssertionError" message="expected [true] but found [false]">
      <![CDATA[java.lang.AssertionError: expected [true] but found [false]
	at pageFactory.Meals.validateCart(Meals.java:106)
	at testScripts.TA_03_PlacingOrders.addMealsToCartInTwoRestaurantsAndOrderFromOne(TA_03_PlacingOrders.java:372)
... Removed 29 stack frames]]>
    </failure>
  </testcase> <!-- addMealsToCartInTwoRestaurantsAndOrderFromOne -->
  <testcase name="addingItemsToCartInTwoRestaurants" time="46.42" classname="testScripts.TA_03_PlacingOrders"/>
  <testcase name="modeOfPayments_TransactionCharges" time="52.349" classname="testScripts.TA_03_PlacingOrders"/>
  <testcase name="orderTroughUserAccountUsingContantPaymentMode" time="177.913" classname="testScripts.TA_03_PlacingOrders"/>
  <testcase name="placeOrderWithoutAnAccount" time="46.652" classname="testScripts.TA_03_PlacingOrders"/>
</testsuite> <!-- PlacingOrders Test Scripts -->
